f:\projectex\2024\imageanalysergit\imageanalyser\x64\debug\imageanalyser.pch
f:\projectex\2024\imageanalysergit\imageanalyser\x64\debug\vc143.pdb
f:\projectex\2024\imageanalysergit\imageanalyser\x64\debug\vc143.idb
f:\projectex\2024\imageanalysergit\imageanalyser\x64\debug\pch.obj
f:\projectex\2024\imageanalysergit\imageanalyser\x64\debug\imagectrl.obj
f:\projectex\2024\imageanalysergit\imageanalyser\x64\debug\imageanalyserdlg.obj
f:\projectex\2024\imageanalysergit\imageanalyser\x64\debug\imageanalyser.obj
f:\projectex\2024\imageanalysergit\imageanalyser\x64\debug\hwopencvimagegraber.obj
f:\projectex\2024\imageanalysergit\imageanalyser\x64\debug\hwfetchcameradetails.obj
f:\projectex\2024\imageanalysergit\bin\imageanalyser.exe
f:\projectex\2024\imageanalysergit\bin\imageanalyser.pdb
f:\projectex\2024\imageanalysergit\imageanalyser\x64\debug\imageanalyser.res
f:\projectex\2024\imageanalysergit\imageanalyser\x64\debug\imageanalyser.ilk
f:\projectex\2024\imageanalysergit\\bin\imageanalyser.pdb
f:\projectex\2024\imageanalysergit\imageanalyser\x64\debug\imageanalyser.tlog\cl.command.1.tlog
f:\projectex\2024\imageanalysergit\imageanalyser\x64\debug\imageanalyser.tlog\cl.items.tlog
f:\projectex\2024\imageanalysergit\imageanalyser\x64\debug\imageanalyser.tlog\cl.read.1.tlog
f:\projectex\2024\imageanalysergit\imageanalyser\x64\debug\imageanalyser.tlog\cl.write.1.tlog
f:\projectex\2024\imageanalysergit\imageanalyser\x64\debug\imageanalyser.tlog\link.command.1.tlog
f:\projectex\2024\imageanalysergit\imageanalyser\x64\debug\imageanalyser.tlog\link.read.1.tlog
f:\projectex\2024\imageanalysergit\imageanalyser\x64\debug\imageanalyser.tlog\link.secondary.1.tlog
f:\projectex\2024\imageanalysergit\imageanalyser\x64\debug\imageanalyser.tlog\link.write.1.tlog
f:\projectex\2024\imageanalysergit\imageanalyser\x64\debug\imageanalyser.tlog\rc.command.1.tlog
f:\projectex\2024\imageanalysergit\imageanalyser\x64\debug\imageanalyser.tlog\rc.read.1.tlog
f:\projectex\2024\imageanalysergit\imageanalyser\x64\debug\imageanalyser.tlog\rc.write.1.tlog
